生成启动时间为 2021/5/7 23:13:53。
     1>项目“C:\Users\mo\Desktop\c2010\wordcount\wordcount\wordcount.vcxproj”在节点 2 上(build 个目标)。
     1>InitializeBuildStatus:
         正在创建“Debug\wordcount.unsuccessfulbuild”，因为已指定“AlwaysCreate”。
       GenerateTargetFrameworkMonikerAttribute:
       正在跳过目标“GenerateTargetFrameworkMonikerAttribute”，因为所有输出文件相对于输入文件而言都是最新的。
       ClCompile:
         d:\C语言\VC\bin\CL.exe /c /AI"C:\Program Files (x86)\Reference Assemblies\Microsoft\Framework\.NETFramework\v4.0" /Zi /clr /nologo /W3 /WX- /Od /Oy- /D WIN32 /D _DEBUG /D _UNICODE /D UNICODE /EHa /MDd /GS /fp:precise /Zc:wchar_t /Zc:forScope /Fo"Debug\\" /Fd"Debug\vc100.pdb" /TP /FU"C:\Program Files (x86)\Reference Assemblies\Microsoft\Framework\.NETFramework\v4.0\System.Core.dll" /analyze- /errorReport:prompt wordcount.cpp /clr:nostdlib 
         wordcount.cpp
         所有输出均为最新。
       Link:
         d:\C语言\VC\bin\link.exe /ERRORREPORT:PROMPT /OUT:"C:\Users\mo\Desktop\c2010\wordcount\Debug\wordcount.exe" /INCREMENTAL /NOLOGO /MANIFEST /ManifestFile:"Debug\wordcount.exe.intermediate.manifest" /MANIFESTUAC:"level='asInvoker' uiAccess='false'" /DEBUG /PDB:"C:\Users\mo\Desktop\c2010\wordcount\Debug\wordcount.pdb" /ASSEMBLYDEBUG /TLBID:1 /DYNAMICBASE /FIXED:NO /NXCOMPAT /MACHINE:X86 Debug\wordcount.obj
         "Debug\.NETFramework,Version=v4.0.AssemblyAttributes.obj"
         wordcount.vcxproj -> C:\Users\mo\Desktop\c2010\wordcount\Debug\wordcount.exe
       Manifest:
         C:\Program Files (x86)\Microsoft SDKs\Windows\v7.0A\bin\mt.exe /nologo /verbose /outputresource:"C:\Users\mo\Desktop\c2010\wordcount\Debug\wordcount.exe;#1" /manifest Debug\wordcount.exe.intermediate.manifest
       FinalizeBuildStatus:
         正在删除文件“Debug\wordcount.unsuccessfulbuild”。
         正在对“Debug\wordcount.lastbuildstate”执行 Touch 任务。
     1>已完成生成项目“C:\Users\mo\Desktop\c2010\wordcount\wordcount\wordcount.vcxproj”(build 个目标)的操作。

生成成功。

已用时间 00:00:00.74
